<?xml version="1.0" encoding="UTF-8"?>
<testng-results skipped="0" failed="0" total="1" passed="1">
  <reporter-output>
  </reporter-output>
  <suite name="Default suite" duration-ms="6772" started-at="2017-08-02T09:37:10Z" finished-at="2017-08-02T09:37:17Z">
    <groups>
    </groups>
    <test name="Default test" duration-ms="6772" started-at="2017-08-02T09:37:10Z" finished-at="2017-08-02T09:37:17Z">
      <class name="Drupal.HttpResponseCode">
        <test-method status="PASS" signature="setUp()[pri:0, instance:Drupal.HttpResponseCode@8bd1b6a]" name="setUp" is-config="true" duration-ms="6711" started-at="2017-08-02T15:07:10Z" finished-at="2017-08-02T15:07:17Z">
          <reporter-output>
          </reporter-output>
        </test-method> <!-- setUp -->
        <test-method status="PASS" signature="checklink()[pri:0, instance:Drupal.HttpResponseCode@8bd1b6a]" name="checklink" duration-ms="45" started-at="2017-08-02T15:07:17Z" finished-at="2017-08-02T15:07:17Z">
          <reporter-output>
          </reporter-output>
        </test-method> <!-- checklink -->
      </class> <!-- Drupal.HttpResponseCode -->
    </test> <!-- Default test -->
  </suite> <!-- Default suite -->
</testng-results>
