<?xml version="1.0" encoding="UTF-8"?>
<testng-results skipped="0" failed="0" total="1" passed="1">
  <reporter-output>
  </reporter-output>
  <suite name="Suite" duration-ms="15016" started-at="2017-08-01T12:00:13Z" finished-at="2017-08-01T12:00:28Z">
    <groups>
    </groups>
    <test name="Test" duration-ms="15016" started-at="2017-08-01T12:00:13Z" finished-at="2017-08-01T12:00:28Z">
      <class name="Drupal.firefox">
        <test-method status="PASS" signature="main()[pri:0, instance:Drupal.firefox@445b84c0]" name="main" is-config="true" duration-ms="7126" started-at="2017-08-01T17:30:13Z" finished-at="2017-08-01T17:30:20Z">
          <reporter-output>
          </reporter-output>
        </test-method> <!-- main -->
        <test-method status="PASS" signature="Login()[pri:0, instance:Drupal.firefox@445b84c0]" name="Login" duration-ms="7879" started-at="2017-08-01T17:30:20Z" finished-at="2017-08-01T17:30:28Z">
          <reporter-output>
          </reporter-output>
        </test-method> <!-- Login -->
      </class> <!-- Drupal.firefox -->
    </test> <!-- Test -->
  </suite> <!-- Suite -->
</testng-results>
